<?xml version="1.0" encoding="UTF-8"?>
<testng-results ignored="0" total="1" passed="1" failed="0" skipped="0">
  <reporter-output>
  </reporter-output>
  <suite started-at="2026-04-12T14:08:09 IST" name="Default suite" finished-at="2026-04-12T14:11:45 IST" duration-ms="215398">
    <groups>
    </groups>
    <test started-at="2026-04-12T14:08:09 IST" name="Default test" finished-at="2026-04-12T14:11:45 IST" duration-ms="215398">
      <class name="com.crm.qa.testcases.HomePageTest">
        <test-method is-config="true" signature="beforeSuite()[pri:0, instance:com.crm.qa.testcases.HomePageTest@7f2cfe3f]" started-at="2026-04-12T14:08:05 IST" name="beforeSuite" finished-at="2026-04-12T14:08:09 IST" duration-ms="4367" status="PASS">
          <reporter-output>
          </reporter-output>
        </test-method> <!-- beforeSuite -->
        <test-method signature="loginTest()[pri:0, instance:com.crm.qa.testcases.HomePageTest@7f2cfe3f]" started-at="2026-04-12T14:08:09 IST" name="loginTest" finished-at="2026-04-12T14:11:45 IST" duration-ms="215294" status="PASS">
          <reporter-output>
          </reporter-output>
        </test-method> <!-- loginTest -->
      </class> <!-- com.crm.qa.testcases.HomePageTest -->
    </test> <!-- Default test -->
  </suite> <!-- Default suite -->
</testng-results>
